<?xml version="1.0" encoding="UTF-8"?>
<testsuite name="es.frapaego.spring.h2.infrastructure.inbound.rest.impl.PricesIntegrationTest" tests="5" skipped="0" failures="0" errors="0" timestamp="2026-03-23T12:52:06" hostname="KM-5CD3162DV7" time="0.193">
  <properties/>
  <testcase name="test2_priceAt20200614_1600()" classname="es.frapaego.spring.h2.infrastructure.inbound.rest.impl.PricesIntegrationTest" time="0.132"/>
  <testcase name="test4_priceAt20200615_1000()" classname="es.frapaego.spring.h2.infrastructure.inbound.rest.impl.PricesIntegrationTest" time="0.018"/>
  <testcase name="test1_priceAt20200614_1000()" classname="es.frapaego.spring.h2.infrastructure.inbound.rest.impl.PricesIntegrationTest" time="0.013"/>
  <testcase name="test3_priceAt20200614_2100()" classname="es.frapaego.spring.h2.infrastructure.inbound.rest.impl.PricesIntegrationTest" time="0.014"/>
  <testcase name="test5_priceAt20200616_2100()" classname="es.frapaego.spring.h2.infrastructure.inbound.rest.impl.PricesIntegrationTest" time="0.01"/>
  <system-out><![CDATA[2026-03-23T13:52:04.797+01:00  INFO 10432 --- [    Test worker] t.c.s.AnnotationConfigContextLoaderUtils : Could not detect default configuration classes for test class [es.frapaego.spring.h2.infrastructure.inbound.rest.impl.PricesIntegrationTest]: PricesIntegrationTest does not declare any static, non-private, non-final, nested classes annotated with @Configuration.
2026-03-23T13:52:04.801+01:00  INFO 10432 --- [    Test worker] .b.t.c.SpringBootTestContextBootstrapper : Found @SpringBootConfiguration es.frapaego.spring.h2.PricesH2Application for test class es.frapaego.spring.h2.infrastructure.inbound.rest.impl.PricesIntegrationTest

  .   ____          _            __ _ _
 /\\ / ___'_ __ _ _(_)_ __  __ _ \ \ \ \
( ( )\___ | '_ | '_| | '_ \/ _` | \ \ \ \
 \\/  ___)| |_)| | | | | || (_| |  ) ) ) )
  '  |____| .__|_| |_|_| |_\__, | / / / /
 =========|_|==============|___/=/_/_/_/
 :: Spring Boot ::                (v3.1.0)

2026-03-23T13:52:04.833+01:00  INFO 10432 --- [    Test worker] e.f.s.h.i.i.r.i.PricesIntegrationTest    : Starting PricesIntegrationTest using Java 21.0.3 with PID 10432 (started by fjpaez in C:\Users\fjpaez\Workspaces\workspace-go\spring-boot-h2-prices-main)
2026-03-23T13:52:04.833+01:00  INFO 10432 --- [    Test worker] e.f.s.h.i.i.r.i.PricesIntegrationTest    : The following 1 profile is active: "test"
2026-03-23T13:52:05.124+01:00  INFO 10432 --- [    Test worker] .s.d.r.c.RepositoryConfigurationDelegate : Bootstrapping Spring Data JPA repositories in DEFAULT mode.
2026-03-23T13:52:05.145+01:00  INFO 10432 --- [    Test worker] .s.d.r.c.RepositoryConfigurationDelegate : Finished Spring Data repository scanning in 21 ms. Found 2 JPA repository interfaces.
2026-03-23T13:52:05.249+01:00  INFO 10432 --- [    Test worker] o.hibernate.jpa.internal.util.LogHelper  : HHH000204: Processing PersistenceUnitInfo [name: default]
2026-03-23T13:52:05.271+01:00  INFO 10432 --- [    Test worker] o.h.b.i.BytecodeProviderInitiator        : HHH000021: Bytecode provider name : bytebuddy
2026-03-23T13:52:05.271+01:00  INFO 10432 --- [    Test worker] o.s.o.j.p.SpringPersistenceUnitInfo      : No LoadTimeWeaver setup: ignoring JPA class transformer
2026-03-23T13:52:05.273+01:00  INFO 10432 --- [    Test worker] com.zaxxer.hikari.HikariDataSource       : HikariPool-3 - Starting...
2026-03-23T13:52:05.275+01:00  INFO 10432 --- [    Test worker] com.zaxxer.hikari.pool.HikariPool        : HikariPool-3 - Added connection conn20: url=jdbc:h2:mem:canalcliente user=SA
2026-03-23T13:52:05.276+01:00  INFO 10432 --- [    Test worker] com.zaxxer.hikari.HikariDataSource       : HikariPool-3 - Start completed.
2026-03-23T13:52:05.277+01:00  INFO 10432 --- [    Test worker] org.hibernate.orm.dialect                : HHH035001: Using dialect: org.hibernate.dialect.H2Dialect, version: 2.2.220
2026-03-23T13:52:05.294+01:00  INFO 10432 --- [    Test worker] o.h.b.i.BytecodeProviderInitiator        : HHH000021: Bytecode provider name : bytebuddy
2026-03-23T13:52:05.327+01:00  INFO 10432 --- [    Test worker] o.h.e.t.j.p.i.JtaPlatformInitiator       : HHH000490: Using JtaPlatform implementation: [org.hibernate.engine.transaction.jta.platform.internal.NoJtaPlatform]
2026-03-23T13:52:05.328+01:00  INFO 10432 --- [    Test worker] j.LocalContainerEntityManagerFactoryBean : Initialized JPA EntityManagerFactory for persistence unit 'default'
2026-03-23T13:52:05.392+01:00  WARN 10432 --- [    Test worker] JpaBaseConfiguration$JpaWebConfiguration : spring.jpa.open-in-view is enabled by default. Therefore, database queries may be performed during view rendering. Explicitly configure spring.jpa.open-in-view to disable this warning
2026-03-23T13:52:05.423+01:00  WARN 10432 --- [    Test worker] .s.s.UserDetailsServiceAutoConfiguration : 

Using generated security password: d291cc64-9436-48f0-9e5f-df84e577fdd5

This generated password is for development use only. Your security configuration must be updated before running your application in production.

2026-03-23T13:52:05.428+01:00  INFO 10432 --- [    Test worker] o.s.s.web.DefaultSecurityFilterChain     : Will secure any request with [org.springframework.security.web.session.DisableEncodeUrlFilter@64746794, org.springframework.security.web.context.request.async.WebAsyncManagerIntegrationFilter@7aaa4694, org.springframework.security.web.context.SecurityContextHolderFilter@6b1bacf5, org.springframework.security.web.header.HeaderWriterFilter@21e827c8, org.springframework.security.web.authentication.logout.LogoutFilter@416bf563, org.springframework.security.web.savedrequest.RequestCacheAwareFilter@7aa146e5, org.springframework.security.web.servletapi.SecurityContextHolderAwareRequestFilter@1717302b, org.springframework.security.web.authentication.AnonymousAuthenticationFilter@23504729, org.springframework.security.web.access.ExceptionTranslationFilter@3a4af228, org.springframework.security.web.access.intercept.AuthorizationFilter@1fb5eda7]
2026-03-23T13:52:06.293+01:00  INFO 10432 --- [    Test worker] o.s.b.t.m.w.SpringBootMockServletContext : Initializing Spring TestDispatcherServlet ''
2026-03-23T13:52:06.294+01:00  INFO 10432 --- [    Test worker] o.s.t.web.servlet.TestDispatcherServlet  : Initializing Servlet ''
2026-03-23T13:52:06.295+01:00  INFO 10432 --- [    Test worker] o.s.t.web.servlet.TestDispatcherServlet  : Completed initialization in 1 ms
2026-03-23T13:52:06.303+01:00  INFO 10432 --- [    Test worker] e.f.s.h.i.i.r.i.PricesIntegrationTest    : Started PricesIntegrationTest in 1.498 seconds (process running for 16.648)
2026-03-23T13:52:06.316+01:00 DEBUG 10432 --- [    Test worker] org.hibernate.SQL                        : select b1_0.brand_id,b1_0.name from brand b1_0 where b1_0.brand_id=?
2026-03-23T13:52:06.318+01:00 TRACE 10432 --- [    Test worker] org.hibernate.orm.jdbc.bind              : binding parameter [1] as [INTEGER] - [1]
2026-03-23T13:52:06.329+01:00 DEBUG 10432 --- [    Test worker] org.hibernate.SQL                        : select p1_0.price_list,p1_0.brand_id,p1_0.curr,p1_0.end_date,p1_0.price,p1_0.priority,p1_0.product_id,p1_0.start_date from price p1_0 where p1_0.brand_id=? and p1_0.product_id=? and ? between p1_0.start_date and p1_0.end_date and p1_0.priority=(select max(p2_0.priority) from price p2_0 where p1_0.brand_id=? and p2_0.product_id=? and ? between p2_0.start_date and p2_0.end_date)
2026-03-23T13:52:06.330+01:00 TRACE 10432 --- [    Test worker] org.hibernate.orm.jdbc.bind              : binding parameter [1] as [INTEGER] - [1]
2026-03-23T13:52:06.330+01:00 TRACE 10432 --- [    Test worker] org.hibernate.orm.jdbc.bind              : binding parameter [2] as [INTEGER] - [35455]
2026-03-23T13:52:06.330+01:00 TRACE 10432 --- [    Test worker] org.hibernate.orm.jdbc.bind              : binding parameter [3] as [TIMESTAMP] - [2020-06-14T16:00]
2026-03-23T13:52:06.331+01:00 TRACE 10432 --- [    Test worker] org.hibernate.orm.jdbc.bind              : binding parameter [4] as [INTEGER] - [1]
2026-03-23T13:52:06.331+01:00 TRACE 10432 --- [    Test worker] org.hibernate.orm.jdbc.bind              : binding parameter [5] as [INTEGER] - [35455]
2026-03-23T13:52:06.331+01:00 TRACE 10432 --- [    Test worker] org.hibernate.orm.jdbc.bind              : binding parameter [6] as [TIMESTAMP] - [2020-06-14T16:00]
2026-03-23T13:52:06.450+01:00 DEBUG 10432 --- [    Test worker] org.hibernate.SQL                        : select b1_0.brand_id,b1_0.name from brand b1_0 where b1_0.brand_id=?
2026-03-23T13:52:06.451+01:00 TRACE 10432 --- [    Test worker] org.hibernate.orm.jdbc.bind              : binding parameter [1] as [INTEGER] - [1]
2026-03-23T13:52:06.454+01:00 DEBUG 10432 --- [    Test worker] org.hibernate.SQL                        : select p1_0.price_list,p1_0.brand_id,p1_0.curr,p1_0.end_date,p1_0.price,p1_0.priority,p1_0.product_id,p1_0.start_date from price p1_0 where p1_0.brand_id=? and p1_0.product_id=? and ? between p1_0.start_date and p1_0.end_date and p1_0.priority=(select max(p2_0.priority) from price p2_0 where p1_0.brand_id=? and p2_0.product_id=? and ? between p2_0.start_date and p2_0.end_date)
2026-03-23T13:52:06.455+01:00 TRACE 10432 --- [    Test worker] org.hibernate.orm.jdbc.bind              : binding parameter [1] as [INTEGER] - [1]
2026-03-23T13:52:06.455+01:00 TRACE 10432 --- [    Test worker] org.hibernate.orm.jdbc.bind              : binding parameter [2] as [INTEGER] - [35455]
2026-03-23T13:52:06.455+01:00 TRACE 10432 --- [    Test worker] org.hibernate.orm.jdbc.bind              : binding parameter [3] as [TIMESTAMP] - [2020-06-15T10:00]
2026-03-23T13:52:06.455+01:00 TRACE 10432 --- [    Test worker] org.hibernate.orm.jdbc.bind              : binding parameter [4] as [INTEGER] - [1]
2026-03-23T13:52:06.455+01:00 TRACE 10432 --- [    Test worker] org.hibernate.orm.jdbc.bind              : binding parameter [5] as [INTEGER] - [35455]
2026-03-23T13:52:06.455+01:00 TRACE 10432 --- [    Test worker] org.hibernate.orm.jdbc.bind              : binding parameter [6] as [TIMESTAMP] - [2020-06-15T10:00]
2026-03-23T13:52:06.466+01:00 DEBUG 10432 --- [    Test worker] org.hibernate.SQL                        : select b1_0.brand_id,b1_0.name from brand b1_0 where b1_0.brand_id=?
2026-03-23T13:52:06.466+01:00 TRACE 10432 --- [    Test worker] org.hibernate.orm.jdbc.bind              : binding parameter [1] as [INTEGER] - [1]
2026-03-23T13:52:06.469+01:00 DEBUG 10432 --- [    Test worker] org.hibernate.SQL                        : select p1_0.price_list,p1_0.brand_id,p1_0.curr,p1_0.end_date,p1_0.price,p1_0.priority,p1_0.product_id,p1_0.start_date from price p1_0 where p1_0.brand_id=? and p1_0.product_id=? and ? between p1_0.start_date and p1_0.end_date and p1_0.priority=(select max(p2_0.priority) from price p2_0 where p1_0.brand_id=? and p2_0.product_id=? and ? between p2_0.start_date and p2_0.end_date)
2026-03-23T13:52:06.469+01:00 TRACE 10432 --- [    Test worker] org.hibernate.orm.jdbc.bind              : binding parameter [1] as [INTEGER] - [1]
2026-03-23T13:52:06.469+01:00 TRACE 10432 --- [    Test worker] org.hibernate.orm.jdbc.bind              : binding parameter [2] as [INTEGER] - [35455]
2026-03-23T13:52:06.469+01:00 TRACE 10432 --- [    Test worker] org.hibernate.orm.jdbc.bind              : binding parameter [3] as [TIMESTAMP] - [2020-06-14T10:00]
2026-03-23T13:52:06.469+01:00 TRACE 10432 --- [    Test worker] org.hibernate.orm.jdbc.bind              : binding parameter [4] as [INTEGER] - [1]
2026-03-23T13:52:06.470+01:00 TRACE 10432 --- [    Test worker] org.hibernate.orm.jdbc.bind              : binding parameter [5] as [INTEGER] - [35455]
2026-03-23T13:52:06.470+01:00 TRACE 10432 --- [    Test worker] org.hibernate.orm.jdbc.bind              : binding parameter [6] as [TIMESTAMP] - [2020-06-14T10:00]
2026-03-23T13:52:06.482+01:00 DEBUG 10432 --- [    Test worker] org.hibernate.SQL                        : select b1_0.brand_id,b1_0.name from brand b1_0 where b1_0.brand_id=?
2026-03-23T13:52:06.482+01:00 TRACE 10432 --- [    Test worker] org.hibernate.orm.jdbc.bind              : binding parameter [1] as [INTEGER] - [1]
2026-03-23T13:52:06.486+01:00 DEBUG 10432 --- [    Test worker] org.hibernate.SQL                        : select p1_0.price_list,p1_0.brand_id,p1_0.curr,p1_0.end_date,p1_0.price,p1_0.priority,p1_0.product_id,p1_0.start_date from price p1_0 where p1_0.brand_id=? and p1_0.product_id=? and ? between p1_0.start_date and p1_0.end_date and p1_0.priority=(select max(p2_0.priority) from price p2_0 where p1_0.brand_id=? and p2_0.product_id=? and ? between p2_0.start_date and p2_0.end_date)
2026-03-23T13:52:06.486+01:00 TRACE 10432 --- [    Test worker] org.hibernate.orm.jdbc.bind              : binding parameter [1] as [INTEGER] - [1]
2026-03-23T13:52:06.486+01:00 TRACE 10432 --- [    Test worker] org.hibernate.orm.jdbc.bind              : binding parameter [2] as [INTEGER] - [35455]
2026-03-23T13:52:06.486+01:00 TRACE 10432 --- [    Test worker] org.hibernate.orm.jdbc.bind              : binding parameter [3] as [TIMESTAMP] - [2020-06-14T21:00]
2026-03-23T13:52:06.486+01:00 TRACE 10432 --- [    Test worker] org.hibernate.orm.jdbc.bind              : binding parameter [4] as [INTEGER] - [1]
2026-03-23T13:52:06.486+01:00 TRACE 10432 --- [    Test worker] org.hibernate.orm.jdbc.bind              : binding parameter [5] as [INTEGER] - [35455]
2026-03-23T13:52:06.486+01:00 TRACE 10432 --- [    Test worker] org.hibernate.orm.jdbc.bind              : binding parameter [6] as [TIMESTAMP] - [2020-06-14T21:00]
2026-03-23T13:52:06.495+01:00 DEBUG 10432 --- [    Test worker] org.hibernate.SQL                        : select b1_0.brand_id,b1_0.name from brand b1_0 where b1_0.brand_id=?
2026-03-23T13:52:06.495+01:00 TRACE 10432 --- [    Test worker] org.hibernate.orm.jdbc.bind              : binding parameter [1] as [INTEGER] - [1]
2026-03-23T13:52:06.496+01:00 DEBUG 10432 --- [    Test worker] org.hibernate.SQL                        : select p1_0.price_list,p1_0.brand_id,p1_0.curr,p1_0.end_date,p1_0.price,p1_0.priority,p1_0.product_id,p1_0.start_date from price p1_0 where p1_0.brand_id=? and p1_0.product_id=? and ? between p1_0.start_date and p1_0.end_date and p1_0.priority=(select max(p2_0.priority) from price p2_0 where p1_0.brand_id=? and p2_0.product_id=? and ? between p2_0.start_date and p2_0.end_date)
2026-03-23T13:52:06.497+01:00 TRACE 10432 --- [    Test worker] org.hibernate.orm.jdbc.bind              : binding parameter [1] as [INTEGER] - [1]
2026-03-23T13:52:06.497+01:00 TRACE 10432 --- [    Test worker] org.hibernate.orm.jdbc.bind              : binding parameter [2] as [INTEGER] - [35455]
2026-03-23T13:52:06.497+01:00 TRACE 10432 --- [    Test worker] org.hibernate.orm.jdbc.bind              : binding parameter [3] as [TIMESTAMP] - [2020-06-16T21:00]
2026-03-23T13:52:06.497+01:00 TRACE 10432 --- [    Test worker] org.hibernate.orm.jdbc.bind              : binding parameter [4] as [INTEGER] - [1]
2026-03-23T13:52:06.497+01:00 TRACE 10432 --- [    Test worker] org.hibernate.orm.jdbc.bind              : binding parameter [5] as [INTEGER] - [35455]
2026-03-23T13:52:06.497+01:00 TRACE 10432 --- [    Test worker] org.hibernate.orm.jdbc.bind              : binding parameter [6] as [TIMESTAMP] - [2020-06-16T21:00]
]]></system-out>
  <system-err><![CDATA[]]></system-err>
</testsuite>
