<?xml version="1.0" encoding="UTF-8"?>
<testsuite name="es.frapaego.spring.h2.infrastructure.outbound.db.repository.SpringDataBrandRepositoryTest" tests="2" skipped="0" failures="0" errors="0" timestamp="2026-03-23T12:52:07" hostname="KM-5CD3162DV7" time="0.078">
  <properties/>
  <testcase name="findByBrandId returns correct BrandDAO for valid id" classname="es.frapaego.spring.h2.infrastructure.outbound.db.repository.SpringDataBrandRepositoryTest" time="0.062"/>
  <testcase name="findByBrandId returns null for non-existing id" classname="es.frapaego.spring.h2.infrastructure.outbound.db.repository.SpringDataBrandRepositoryTest" time="0.015"/>
  <system-out><![CDATA[2026-03-23T13:52:06.660+01:00  INFO 10432 --- [    Test worker] t.c.s.AnnotationConfigContextLoaderUtils : Could not detect default configuration classes for test class [es.frapaego.spring.h2.infrastructure.outbound.db.repository.SpringDataBrandRepositoryTest]: SpringDataBrandRepositoryTest does not declare any static, non-private, non-final, nested classes annotated with @Configuration.
2026-03-23T13:52:06.681+01:00  INFO 10432 --- [    Test worker] .b.t.c.SpringBootTestContextBootstrapper : Found @SpringBootConfiguration es.frapaego.spring.h2.PricesH2Application for test class es.frapaego.spring.h2.infrastructure.outbound.db.repository.SpringDataBrandRepositoryTest

  .   ____          _            __ _ _
 /\\ / ___'_ __ _ _(_)_ __  __ _ \ \ \ \
( ( )\___ | '_ | '_| | '_ \/ _` | \ \ \ \
 \\/  ___)| |_)| | | | | || (_| |  ) ) ) )
  '  |____| .__|_| |_|_| |_\__, | / / / /
 =========|_|==============|___/=/_/_/_/
 :: Spring Boot ::                (v3.1.0)

2026-03-23T13:52:06.705+01:00  INFO 10432 --- [    Test worker] .h.i.o.d.r.SpringDataBrandRepositoryTest : Starting SpringDataBrandRepositoryTest using Java 21.0.3 with PID 10432 (started by fjpaez in C:\Users\fjpaez\Workspaces\workspace-go\spring-boot-h2-prices-main)
2026-03-23T13:52:06.705+01:00  INFO 10432 --- [    Test worker] .h.i.o.d.r.SpringDataBrandRepositoryTest : No active profile set, falling back to 1 default profile: "default"
2026-03-23T13:52:06.805+01:00  INFO 10432 --- [    Test worker] .s.d.r.c.RepositoryConfigurationDelegate : Bootstrapping Spring Data JPA repositories in DEFAULT mode.
2026-03-23T13:52:06.827+01:00  INFO 10432 --- [    Test worker] .s.d.r.c.RepositoryConfigurationDelegate : Finished Spring Data repository scanning in 21 ms. Found 2 JPA repository interfaces.
2026-03-23T13:52:06.835+01:00  INFO 10432 --- [    Test worker] beddedDataSourceBeanFactoryPostProcessor : Replacing 'dataSource' DataSource bean with embedded version
2026-03-23T13:52:06.857+01:00  INFO 10432 --- [    Test worker] o.s.j.d.e.EmbeddedDatabaseFactory        : Starting embedded database: url='jdbc:h2:mem:d2ba6c95-b6bb-443f-95e4-8748ba08f515;DB_CLOSE_DELAY=-1;DB_CLOSE_ON_EXIT=false', username='sa'
2026-03-23T13:52:06.889+01:00  INFO 10432 --- [    Test worker] o.hibernate.jpa.internal.util.LogHelper  : HHH000204: Processing PersistenceUnitInfo [name: default]
2026-03-23T13:52:06.901+01:00  INFO 10432 --- [    Test worker] o.h.b.i.BytecodeProviderInitiator        : HHH000021: Bytecode provider name : bytebuddy
2026-03-23T13:52:06.902+01:00  INFO 10432 --- [    Test worker] o.s.o.j.p.SpringPersistenceUnitInfo      : No LoadTimeWeaver setup: ignoring JPA class transformer
2026-03-23T13:52:06.904+01:00  INFO 10432 --- [    Test worker] org.hibernate.orm.dialect                : HHH035001: Using dialect: org.hibernate.dialect.H2Dialect, version: 2.2.220
2026-03-23T13:52:06.926+01:00  INFO 10432 --- [    Test worker] o.h.b.i.BytecodeProviderInitiator        : HHH000021: Bytecode provider name : bytebuddy
2026-03-23T13:52:06.965+01:00  INFO 10432 --- [    Test worker] o.h.e.t.j.p.i.JtaPlatformInitiator       : HHH000490: Using JtaPlatform implementation: [org.hibernate.engine.transaction.jta.platform.internal.NoJtaPlatform]
2026-03-23T13:52:06.966+01:00  INFO 10432 --- [    Test worker] j.LocalContainerEntityManagerFactoryBean : Initialized JPA EntityManagerFactory for persistence unit 'default'
2026-03-23T13:52:07.060+01:00  INFO 10432 --- [    Test worker] .h.i.o.d.r.SpringDataBrandRepositoryTest : Started SpringDataBrandRepositoryTest in 0.376 seconds (process running for 17.406)
2026-03-23T13:52:07.117+01:00 DEBUG 10432 --- [    Test worker] org.hibernate.SQL                        : select b1_0.brand_id,b1_0.name from brand b1_0 where b1_0.brand_id=?
Hibernate: select b1_0.brand_id,b1_0.name from brand b1_0 where b1_0.brand_id=?
2026-03-23T13:52:07.118+01:00 TRACE 10432 --- [    Test worker] org.hibernate.orm.jdbc.bind              : binding parameter [1] as [INTEGER] - [1]
2026-03-23T13:52:07.141+01:00 DEBUG 10432 --- [    Test worker] org.hibernate.SQL                        : select b1_0.brand_id,b1_0.name from brand b1_0 where b1_0.brand_id=?
Hibernate: select b1_0.brand_id,b1_0.name from brand b1_0 where b1_0.brand_id=?
2026-03-23T13:52:07.141+01:00 TRACE 10432 --- [    Test worker] org.hibernate.orm.jdbc.bind              : binding parameter [1] as [INTEGER] - [999]
]]></system-out>
  <system-err><![CDATA[]]></system-err>
</testsuite>
