<?xml version="1.0" encoding="UTF-8"?>
<testsuite name="es.frapaego.spring.h2.infrastructure.outbound.db.converters.BrandConverterTest" tests="2" skipped="0" failures="0" errors="0" timestamp="2026-03-23T12:52:06" hostname="KM-5CD3162DV7" time="0.029">
  <properties/>
  <testcase name="convert returns Brand for valid BrandDAO" classname="es.frapaego.spring.h2.infrastructure.outbound.db.converters.BrandConverterTest" time="0.018"/>
  <testcase name="convert returns null for null BrandDAO" classname="es.frapaego.spring.h2.infrastructure.outbound.db.converters.BrandConverterTest" time="0.007"/>
  <system-out><![CDATA[2026-03-23T13:52:06.504+01:00  INFO 10432 --- [    Test worker] t.c.s.AnnotationConfigContextLoaderUtils : Could not detect default configuration classes for test class [es.frapaego.spring.h2.infrastructure.outbound.db.converters.BrandConverterTest]: BrandConverterTest does not declare any static, non-private, non-final, nested classes annotated with @Configuration.
2026-03-23T13:52:06.532+01:00  INFO 10432 --- [    Test worker] .b.t.c.SpringBootTestContextBootstrapper : Found @SpringBootConfiguration es.frapaego.spring.h2.PricesH2Application for test class es.frapaego.spring.h2.infrastructure.outbound.db.converters.BrandConverterTest
]]></system-out>
  <system-err><![CDATA[]]></system-err>
</testsuite>
